0 info it worked if it ends with ok
1 verbose cli [ 'C:\\Program Files\\nodejs\\node.exe',
1 verbose cli   'C:\\Program Files\\nodejs\\node_modules\\npm\\bin\\npm-cli.js',
1 verbose cli   'run',
1 verbose cli   'dev',
1 verbose cli   '38075' ]
2 info using npm@3.10.10
3 info using node@v6.10.3
4 verbose run-script [ 'predev', 'dev', 'postdev' ]
5 info lifecycle a3@1.0.0~predev: a3@1.0.0
6 silly lifecycle a3@1.0.0~predev: no script for predev, continuing
7 info lifecycle a3@1.0.0~dev: a3@1.0.0
8 verbose lifecycle a3@1.0.0~dev: unsafe-perm in lifecycle true
9 verbose lifecycle a3@1.0.0~dev: PATH: C:\Program Files\nodejs\node_modules\npm\bin\node-gyp-bin;C:\Users\Saatvik\Downloads\A3 Stub\A3 Stub\node_modules\.bin;C:\ProgramData\Oracle\Java\javapath;C:\Program Files (x86)\NVIDIA Corporation\PhysX\Common;C:\Program Files\Common Files\Microsoft Shared\Windows Live;C:\WINDOWS\system32;C:\WINDOWS;C:\WINDOWS\System32\Wbem;C:\WINDOWS\System32\WindowsPowerShell\v1.0\;C:\Program Files (x86)\ATI Technologies\ATI.ACE\Core-Static;C:\Program Files\WIDCOMM\Bluetooth Software\;C:\Program Files\WIDCOMM\Bluetooth Software\syswow64;C:\Program Files (x86)\AMD\ATI.ACE\Core-Static;C:\WINDOWS\system32\config\systemprofile\.dnx\bin;C:\Program Files\Microsoft DNX\Dnvm\;C:\Program Files\Microsoft SQL Server\120\Tools\Binn\;C:\Program Files (x86)\Brackets\command;C:\Program Files (x86)\ZeroTier\One\;C:\Program Files\MySQL\MySQL Utilities 1.6\;C:\Program Files\Microsoft SQL Server\130\Tools\Binn\;C:\Program Files\nodejs\;C:\Program Files (x86)\GtkSharp\2.12\bin;C:\Program Files (x86)\Skype\Phone\;C:\Program Files\dotnet\;C:\Program Files\CMake\bin;C:\OpenCV\opencv\build\x64\vc14\bin;C:\RailsInstaller\Git\cmd;C:\RailsInstaller\Ruby2.3.0\bin;C:\Program Files\Common Files\Microsoft Shared\Windows Live;C:\Users\Saatvik\AppData\Local\Microsoft\WindowsApps;C:\Users\Saatvik\AppData\Roaming\npm;
10 verbose lifecycle a3@1.0.0~dev: CWD: C:\Users\Saatvik\Downloads\A3 Stub\A3 Stub
11 silly lifecycle a3@1.0.0~dev: Args: [ '/d /s /c', 'nodemon app.js "38075"' ]
12 silly lifecycle a3@1.0.0~dev: Returned: code: 1  signal: null
13 info lifecycle a3@1.0.0~dev: Failed to exec dev script
14 verbose stack Error: a3@1.0.0 dev: `nodemon app.js "38075"`
14 verbose stack Exit status 1
14 verbose stack     at EventEmitter.<anonymous> (C:\Program Files\nodejs\node_modules\npm\lib\utils\lifecycle.js:255:16)
14 verbose stack     at emitTwo (events.js:106:13)
14 verbose stack     at EventEmitter.emit (events.js:191:7)
14 verbose stack     at ChildProcess.<anonymous> (C:\Program Files\nodejs\node_modules\npm\lib\utils\spawn.js:40:14)
14 verbose stack     at emitTwo (events.js:106:13)
14 verbose stack     at ChildProcess.emit (events.js:191:7)
14 verbose stack     at maybeClose (internal/child_process.js:886:16)
14 verbose stack     at Process.ChildProcess._handle.onexit (internal/child_process.js:226:5)
15 verbose pkgid a3@1.0.0
16 verbose cwd C:\Users\Saatvik\Downloads\A3 Stub\A3 Stub\public
17 error Windows_NT 10.0.16299
18 error argv "C:\\Program Files\\nodejs\\node.exe" "C:\\Program Files\\nodejs\\node_modules\\npm\\bin\\npm-cli.js" "run" "dev" "38075"
19 error node v6.10.3
20 error npm  v3.10.10
21 error code ELIFECYCLE
22 error a3@1.0.0 dev: `nodemon app.js "38075"`
22 error Exit status 1
23 error Failed at the a3@1.0.0 dev script 'nodemon app.js "38075"'.
23 error Make sure you have the latest version of node.js and npm installed.
23 error If you do, this is most likely a problem with the a3 package,
23 error not with npm itself.
23 error Tell the author that this fails on your system:
23 error     nodemon app.js "38075"
23 error You can get information on how to open an issue for this project with:
23 error     npm bugs a3
23 error Or if that isn't available, you can get their info via:
23 error     npm owner ls a3
23 error There is likely additional logging output above.
24 verbose exit [ 1, true ]
